September 15, 2021, 9:19 la catégorie et sa description ont bien été ajoutés
September 15, 2021, 9:27 La catégorie a bien été modifiée
September 15, 2021, 11:07 Les 2 champs sont obligatoires.
September 15, 2021, 11:07 Les 2 champs sont obligatoires.
September 15, 2021, 11:07 Le compte n'a pas reconnu.
September 15, 2021, 11:07 Ouverture d'une session pour l'utilisateur admin
September 15, 2021, 11:13 La catégorie a bien été modifiée.
September 15, 2021, 11:25 L'article n°83 a bien été supprimé !
September 15, 2021, 11:25 L'article n°76 a bien été dépublié !
September 15, 2021, 11:26 L'article n°76 a bien été publié !
September 15, 2021, 12:44 La nouvelle catégorie a bien été enregistrée !
September 15, 2021, 12:53 L'article n°19 a bien été supprimé !
September 15, 2021, 12:53 L'article n°18 a bien été supprimé !
September 15, 2021, 12:53 L'article n°17 a bien été supprimé !
September 15, 2021, 12:53 L'article n°16 a bien été supprimé !
September 15, 2021, 12:53 L'article n°15 a bien été supprimé !
September 15, 2021, 12:57 La nouvelle catégorie a bien été enregistrée !
September 15, 2021, 12:57 La nouvelle catégorie a bien été enregistrée !
September 15, 2021, 12:57 La nouvelle catégorie a bien été enregistrée !
September 16, 2021, 12:20 Fermeture d'une session pour l'utilisateur 
September 16, 2021, 12:21 Les 2 champs sont obligatoires.
September 16, 2021, 12:22 Ouverture d'une session pour l'utilisateur admin
September 16, 2021, 12:22 Fermeture d'une session pour l'utilisateur 
September 16, 2021, 12:22 Les 2 champs sont obligatoires.
September 16, 2021, 12:23 Les 2 champs sont obligatoires.
September 16, 2021, 12:23 Les 2 champs sont obligatoires. té
September 16, 2021, 12:23 Les 2 champs sont obligatoires. té
September 16, 2021, 12:24 Ouverture d'une session pour l'utilisateur admin
September 16, 2021, 1:12 Fermeture d'une session pour l'utilisateur 
September 16, 2021, 1:12 Les 2 champs sont obligatoires. té
September 16, 2021, 1:48 Ouverture d'une session pour l'utilisateur admin
September 16, 2021, 1:55 L'article n°20 a bien été dépublié !
September 16, 2021, 1:56 La catégorie n°20 a bien été dépubliée !
September 16, 2021, 1:57 La catégorie n°20 a bien été publiée !
September 16, 2021, 2:10 La catégorie n°1 a bien été dépubliée !
September 16, 2021, 2:11 La catégorie n°1 a bien été dépubliée !
September 16, 2021, 2:11 La catégorie n°1 a bien été publiée !
September 16, 2021, 2:11 La catégorie n°1 a bien été dépubliée !
September 16, 2021, 2:12 L'article n°76 a bien été publié !
September 16, 2021, 2:23 La catégorie n°20 a bien été supprimé !
September 16, 2021, 2:24 La catégorie a bien été modifiée.
September 17, 2021, 11:54 Le commentaire n°6 a bien été dépublié !
September 17, 2021, 11:54 Le commentaire n°7 a bien été dépublié !
September 17, 2021, 11:54 Le commentaire n°4 a bien été publié !
September 17, 2021, 11:54 Le commentaire n°7 a bien été publié !
October 11, 2021, 9:20 Vous n'avez pas indiqué de catégorie pour votre article
October 11, 2021, 9:20 L'article n'a pas pu être envoyé !
October 11, 2021, 9:20 L'article a bien été enregistré !
October 11, 2021, 12:28 La nouvelle catégorie a bien été enregistrée ! (admin)
October 11, 2021, 1:22 Fermeture d'une session pour l'utilisateur  ()
October 11, 2021, 1:22 Les 2 champs sont obligatoires. té ()
October 21, 2021, 12:25 Fermeture d'une session pour l'utilisateur 
October 21, 2021, 12:25 Les 2 champs sont obligatoires. té
October 21, 2021, 12:26 Ouverture d'une session pour l'utilisateur admin (admin)
October 29, 2021, 8:27 La catégorie a bien été modifiée (admin)
November 17, 2021, 9:29 CLOSE_SESSION 
November 17, 2021, 9:29 Les 2 champs sont obligatoires.
November 17, 2021, 9:31 Les 2 champs sont obligatoires.
November 17, 2021, 9:31 Les 2 champs sont obligatoires.
November 17, 2021, 9:31 Les 2 champs sont obligatoires.
November 17, 2021, 9:31 Les 2 champs sont obligatoires.
November 17, 2021, 9:32 Les 2 champs sont obligatoires.
November 17, 2021, 9:32 Les 2 champs sont obligatoires.
November 17, 2021, 9:32 Les 2 champs sont obligatoires.
November 17, 2021, 9:35 Les 2 champs sont obligatoires.
November 22, 2021, 12:27 Les 2 champs sont obligatoires.
November 22, 2021, 12:28 Ouverture d'une session pour l'utilisateur admin (admin)
February 14, 2022, 10:47 Les 2 champs sont obligatoires.
February 14, 2022, 10:47 Ouverture d'une session pour l'utilisateur admin (admin)
February 14, 2022, 11:50 La nouvelle catégorie a bien été enregistrée ! (admin)
February 14, 2022, 11:51 L'article a bien été enregistré ! (admin)
February 14, 2022, 11:52 L'article n°84 a bien été dépublié ! (admin)
February 14, 2022, 11:52 L'article n°84 a bien été publié ! (admin)
February 14, 2022, 11:52 L'article n°84 a bien été dépublié ! (admin)
February 14, 2022, 11:52 L'article n°84 a bien été publié ! (admin)
February 14, 2022, 11:53 Les 2 champs sont obligatoires.
February 14, 2022, 11:54 Les 2 champs sont obligatoires.
February 14, 2022, 11:55 Les 2 champs sont obligatoires.
February 14, 2022, 12:55 Les 2 champs sont obligatoires.
February 14, 2022, 12:58 Les 2 champs sont obligatoires.
February 14, 2022, 12:59 Les 2 champs sont obligatoires.
February 14, 2022, 1:12 Les 2 champs sont obligatoires.
April 19, 2022, 8:44 Les 2 champs sont obligatoires.
April 19, 2022, 10:04 Les 2 champs sont obligatoires.
April 26, 2022, 12:50 Les 2 champs sont obligatoires.
April 26, 2022, 1:11 Les 2 champs sont obligatoires.
April 26, 2022, 1:11 Ouverture d'une session pour l'utilisateur admin (admin)
April 28, 2022, 9:30 Les 2 champs sont obligatoires.
April 28, 2022, 9:45 Les 2 champs sont obligatoires.
April 28, 2022, 11:28 Les 2 champs sont obligatoires.
May 2, 2022, 3:21 Les 2 champs sont obligatoires.
May 2, 2022, 3:21 Ouverture d'une session pour l'utilisateur admin (admin)
May 2, 2022, 5:34 Les 2 champs sont obligatoires.
May 5, 2022, 8:34 Les 2 champs sont obligatoires.
May 5, 2022, 9:47 Les 2 champs sont obligatoires.
May 5, 2022, 10:02 Les 2 champs sont obligatoires.
May 5, 2022, 11:18 Les 2 champs sont obligatoires.
May 5, 2022, 3:15 Les 2 champs sont obligatoires.
May 6, 2022, 6:47 COMM_NB6COMM_PUBLISHED (admin)
May 6, 2022, 6:50 Le commentaire n°6 a été publié. (admin)
May 6, 2022, 6:50 Le commentaire n°6 a été dépublié. (admin)
May 6, 2022, 6:50 Le commentaire n°6 a été publié. (admin)
May 6, 2022, 6:50 Le commentaire n°6 a été dépublié. (admin)
May 6, 2022, 6:50 Le commentaire n°6 a été publié. (admin)
May 6, 2022, 6:50 Le commentaire n°6 a été dépublié. (admin)
May 6, 2022, 6:54 Le commentaire n°6 a été dépublié. (admin)
May 6, 2022, 6:54 Le commentaire n°6 a été publié. (admin)
May 6, 2022, 7:53 Les 2 champs sont obligatoires.
May 9, 2022, 9:33 Les 2 champs sont obligatoires.
May 9, 2022, 12:53 Les 2 champs sont obligatoires.
May 9, 2022, 1:14 Les 2 champs sont obligatoires.
May 9, 2022, 2:56 CLOSE_SESSION 
May 9, 2022, 2:56 Les 2 champs sont obligatoires.
May 9, 2022, 2:56 Ouverture d'une session pour l'utilisateur admin (admin)
July 26, 2022, 7:47 Les 2 champs sont obligatoires.
July 26, 2022, 7:47 Le compte n'a pas reconnu
July 26, 2022, 7:47 Le compte n'a pas reconnu
July 26, 2022, 7:47 Le compte n'a pas reconnu
July 26, 2022, 7:47 Le compte n'a pas reconnu
July 26, 2022, 7:47 Le compte n'a pas reconnu
July 26, 2022, 7:48 Le compte n'a pas reconnu
July 26, 2022, 7:48 Le compte n'a pas reconnu
July 26, 2022, 7:48 Ouverture d'une session pour l'utilisateur admin (admin)
July 26, 2022, 9:03 Les 2 champs sont obligatoires.
November 22, 2022, 12:36 Les 2 champs sont obligatoires.
November 22, 2022, 12:36 Le compte n'a pas reconnu
November 22, 2022, 12:37 Le compte n'a pas reconnu
November 22, 2022, 12:37 Ouverture d'une session pour l'utilisateur admin (admin)
November 22, 2022, 1:43 Les 2 champs sont obligatoires.
November 22, 2022, 1:44 Les 2 champs sont obligatoires.
November 22, 2022, 1:55 Les 2 champs sont obligatoires.
January 5, 2023, 4:23 Les 2 champs sont obligatoires.
January 5, 2023, 4:23 Le compte n'a pas reconnu
January 5, 2023, 4:23 Le compte n'a pas reconnu
January 5, 2023, 4:23 Ouverture d'une session pour l'utilisateur admin (admin)
January 5, 2023, 5:28 Les 2 champs sont obligatoires.
January 5, 2023, 5:32 Les 2 champs sont obligatoires.
January 5, 2023, 5:34 Les 2 champs sont obligatoires.
July 3, 2023, 9:00 Les 2 champs sont obligatoires.
July 3, 2023, 9:00 Ouverture d'une session pour l'utilisateur admin (admin)
July 4, 2023, 9:16 Les 2 champs sont obligatoires.
July 4, 2023, 9:16 Le compte n'a pas reconnu
July 4, 2023, 9:16 Le compte n'a pas reconnu
July 4, 2023, 9:16 Le compte n'a pas reconnu
July 4, 2023, 9:16 Les 2 champs sont obligatoires.
July 4, 2023, 9:16 Ouverture d'une session pour l'utilisateur admin (admin)
July 4, 2023, 10:05 Les 2 champs sont obligatoires.
July 4, 2023, 10:05 Ouverture d'une session pour l'utilisateur admin (admin)
July 4, 2023, 11:47 Les 2 champs sont obligatoires.
July 4, 2023, 11:47 Le compte n'a pas reconnu
July 4, 2023, 11:48 Les 2 champs sont obligatoires.
July 4, 2023, 11:48 Ouverture d'une session pour l'utilisateur admin (admin)
July 5, 2023, 7:29 Les 2 champs sont obligatoires.
July 5, 2023, 7:30 Ouverture d'une session pour l'utilisateur admin (admin)
